Copyright 1986-2017 Xilinx, Inc. All Rights Reserved.
-----------------------------------------------------------------------------------------
| Tool Version : Vivado v.2017.4 (win64) Build 2086221 Fri Dec 15 20:55:39 MST 2017
| Date         : Thu May  9 17:51:12 2024
| Host         : LAPTOP-FMLQ1KFQ running 64-bit major release  (build 9200)
| Command      : report_control_sets -verbose -file SCCPUSOC_Top_control_sets_placed.rpt
| Design       : SCCPUSOC_Top
| Device       : xc7a100t
-----------------------------------------------------------------------------------------

Control Set Information

Table of Contents
-----------------
1. Summary
2. Flip-Flop Distribution
3. Detailed Control Set Information

1. Summary
----------

+----------------------------------------------------------+-------+
|                          Status                          | Count |
+----------------------------------------------------------+-------+
| Number of unique control sets                            |   299 |
| Unused register locations in slices containing registers |  1341 |
+----------------------------------------------------------+-------+


2. Flip-Flop Distribution
-------------------------

+--------------+-----------------------+------------------------+-----------------+--------------+
| Clock Enable | Synchronous Set/Reset | Asynchronous Set/Reset | Total Registers | Total Slices |
+--------------+-----------------------+------------------------+-----------------+--------------+
| No           | No                    | No                     |               0 |            0 |
| No           | No                    | Yes                    |             115 |           48 |
| No           | Yes                   | No                     |               0 |            0 |
| Yes          | No                    | No                     |              32 |           15 |
| Yes          | No                    | Yes                    |            1024 |          802 |
| Yes          | Yes                   | No                     |               0 |            0 |
+--------------+-----------------------+------------------------+-----------------+--------------+


3. Detailed Control Set Information
-----------------------------------

+------------------+-----------------------------------------+---------------------------------+------------------+----------------+
|   Clock Signal   |              Enable Signal              |         Set/Reset Signal        | Slice Load Count | Bel Load Count |
+------------------+-----------------------------------------+---------------------------------+------------------+----------------+
|  Clk_CPU_BUFG    | U_SCCPU/U_MUX4_GPR_A3/rf_reg[25][31][0] | U_CLKDIV/AR[0]                  |                1 |              1 |
|  Clk_CPU_BUFG    | U_SCCPU/U_MUX4_GPR_A3/rf_reg[27][31][0] | U_CLKDIV/AR[0]                  |                1 |              1 |
|  Clk_CPU_BUFG    | U_SCCPU/U_MUX4_GPR_A3/rf_reg[26][31][0] | U_CLKDIV/AR[0]                  |                1 |              1 |
|  Clk_CPU_BUFG    | U_SCCPU/U_MUX4_GPR_A3/rf_reg[24][31][0] | U_CLKDIV/AR[0]                  |                1 |              1 |
|  Clk_CPU_BUFG    | U_SCCPU/U_MUX4_GPR_A3/rf_reg[29][31][0] | U_CLKDIV/AR[0]                  |                1 |              1 |
|  Clk_CPU_BUFG    | U_SCCPU/U_MUX4_GPR_A3/rf_reg[28][31][0] | U_CLKDIV/AR[0]                  |                1 |              1 |
|  Clk_CPU_BUFG    | U_SCCPU/U_MUX4_GPR_A3/rf_reg[30][31][0] | U_CLKDIV/AR[0]                  |                1 |              1 |
|  Clk_CPU_BUFG    | U_SCCPU/U_MUX4_GPR_A3/rf_reg[31][31][0] | U_CLKDIV/AR[0]                  |                1 |              1 |
|  Clk_CPU_BUFG    | U_SCCPU/U_MUX4_GPR_A3/rf_reg[6][31][0]  | U_SCCPU/U_RF/AR[1]              |                2 |              2 |
|  Clk_CPU_BUFG    | U_SCCPU/U_MUX4_GPR_A3/rf_reg[14][31][0] | U_SCCPU/U_RF/AR[1]              |                2 |              2 |
|  Clk_CPU_BUFG    | U_SCCPU/U_MUX4_GPR_A3/rf_reg[16][31][0] | U_SCCPU/U_RF/AR[1]              |                2 |              2 |
|  Clk_CPU_BUFG    | U_SCCPU/U_MUX4_GPR_A3/rf_reg[12][31][0] | U_SCCPU/U_RF/AR[1]              |                2 |              2 |
|  Clk_CPU_BUFG    | U_SCCPU/U_MUX4_GPR_A3/rf_reg[15][31][0] | U_SCCPU/U_RF/AR[1]              |                2 |              2 |
|  Clk_CPU_BUFG    | U_SCCPU/U_MUX4_GPR_A3/rf_reg[2][31][0]  | U_SCCPU/U_RF/AR[1]              |                2 |              2 |
|  Clk_CPU_BUFG    | U_SCCPU/U_MUX4_GPR_A3/rf_reg[9][31][0]  | U_SCCPU/U_RF/AR[1]              |                2 |              2 |
|  Clk_CPU_BUFG    | U_SCCPU/U_MUX4_GPR_A3/rf_reg[20][31][0] | U_SCCPU/U_RF/AR[1]              |                2 |              2 |
|  Clk_CPU_BUFG    | U_SCCPU/U_MUX4_GPR_A3/rf_reg[23][31][0] | U_SCCPU/U_RF/AR[1]              |                2 |              2 |
|  Clk_CPU_BUFG    | U_SCCPU/U_MUX4_GPR_A3/rf_reg[17][31][0] | U_SCCPU/U_RF/AR[1]              |                2 |              2 |
|  Clk_CPU_BUFG    | U_SCCPU/U_MUX4_GPR_A3/rf_reg[4][31][0]  | U_SCCPU/U_RF/AR[1]              |                2 |              2 |
|  Clk_CPU_BUFG    | U_SCCPU/U_MUX4_GPR_A3/rf_reg[13][31][0] | U_SCCPU/U_RF/AR[1]              |                2 |              2 |
|  Clk_CPU_BUFG    | U_SCCPU/U_MUX4_GPR_A3/rf_reg[8][31][0]  | U_SCCPU/U_RF/AR[1]              |                2 |              2 |
|  Clk_CPU_BUFG    | U_SCCPU/U_MUX4_GPR_A3/rf_reg[18][31][0] | U_SCCPU/U_RF/AR[1]              |                2 |              2 |
|  Clk_CPU_BUFG    | U_SCCPU/U_MUX4_GPR_A3/rf_reg[22][31][0] | U_SCCPU/U_RF/AR[1]              |                2 |              2 |
|  Clk_CPU_BUFG    | U_SCCPU/U_MUX4_GPR_A3/rf_reg[3][31][0]  | U_SCCPU/U_RF/AR[1]              |                2 |              2 |
|  Clk_CPU_BUFG    | U_SCCPU/U_MUX4_GPR_A3/rf_reg[1][31][0]  | U_SCCPU/U_RF/AR[1]              |                2 |              2 |
|  Clk_CPU_BUFG    | U_SCCPU/U_MUX4_GPR_A3/rf_reg[26][31][0] | U_SCCPU/U_RF/AR[0]              |                1 |              2 |
|  Clk_CPU_BUFG    | U_SCCPU/U_MUX4_GPR_A3/rf_reg[24][31][0] | U_SCCPU/U_RF/AR[1]              |                2 |              2 |
|  Clk_CPU_BUFG    | U_SCCPU/U_MUX4_GPR_A3/rf_reg[24][31][0] | U_SCCPU/U_RF/AR[2]              |                2 |              2 |
|  Clk_CPU_BUFG    | U_SCCPU/U_MUX4_GPR_A3/rf_reg[11][31][0] | U_SCCPU/U_RF/AR[1]              |                2 |              2 |
|  Clk_CPU_BUFG    | U_SCCPU/U_MUX4_GPR_A3/rf_reg[7][31][0]  | U_SCCPU/U_RF/AR[1]              |                2 |              2 |
|  Clk_CPU_BUFG    | U_SCCPU/U_MUX4_GPR_A3/rf_reg[19][31][0] | U_SCCPU/U_RF/AR[1]              |                2 |              2 |
|  Clk_CPU_BUFG    | U_SCCPU/U_MUX4_GPR_A3/rf_reg[29][31][0] | U_SCCPU/U_RF/AR[1]              |                2 |              2 |
|  Clk_CPU_BUFG    | U_SCCPU/U_MUX4_GPR_A3/rf_reg[5][31][0]  | U_SCCPU/U_RF/AR[1]              |                2 |              2 |
|  Clk_CPU_BUFG    | U_SCCPU/U_MUX4_GPR_A3/rf_reg[21][31][0] | U_SCCPU/U_RF/AR[1]              |                2 |              2 |
|  Clk_CPU_BUFG    | U_SCCPU/U_MUX4_GPR_A3/rf_reg[10][31][0] | U_SCCPU/U_RF/AR[1]              |                2 |              2 |
|  U_7SEG/seg7_clk |                                         | U_SCCPU/U_RF/AR[1]              |                1 |              3 |
|  Clk_CPU_BUFG    | U_SCCPU/U_MUX4_GPR_A3/rf_reg[25][31][0] | U_SCCPU/U_RF/AR[1]              |                3 |              3 |
|  Clk_CPU_BUFG    | U_SCCPU/U_MUX4_GPR_A3/rf_reg[25][31][0] | U_SCCPU/U_RF/AR[2]              |                2 |              3 |
|  Clk_CPU_BUFG    | U_SCCPU/U_MUX4_GPR_A3/rf_reg[29][31][0] | U_SCCPU/U_RF/rf[31][3]_i_2_n_0  |                3 |              3 |
|  Clk_CPU_BUFG    | U_SCCPU/U_MUX4_GPR_A3/rf_reg[21][31][0] | U_SCCPU/U_RF/AR[0]              |                2 |              3 |
|  Clk_CPU_BUFG    | U_SCCPU/U_MUX4_GPR_A3/rf_reg[21][31][0] | U_SCCPU/U_RF/AR[2]              |                1 |              3 |
|  Clk_CPU_BUFG    | U_SCCPU/U_MUX4_GPR_A3/rf_reg[29][31][0] | U_SCCPU/U_RF/AR[0]              |                2 |              3 |
|  Clk_CPU_BUFG    | U_SCCPU/U_MUX4_GPR_A3/rf_reg[29][31][0] | U_SCCPU/U_RF/AR[2]              |                1 |              3 |
|  Clk_CPU_BUFG    | U_SCCPU/U_MUX4_GPR_A3/rf_reg[7][31][0]  | U_SCCPU/U_RF/AR[0]              |                3 |              3 |
|  Clk_CPU_BUFG    | U_SCCPU/U_MUX4_GPR_A3/rf_reg[7][31][0]  | U_SCCPU/U_RF/AR[2]              |                2 |              3 |
|  Clk_CPU_BUFG    | U_SCCPU/U_MUX4_GPR_A3/rf_reg[26][31][0] | U_SCCPU/U_RF/rf[31][27]_i_2_n_0 |                2 |              3 |
|  Clk_CPU_BUFG    | U_SCCPU/U_MUX4_GPR_A3/rf_reg[17][31][0] | U_SCCPU/U_RF/AR[0]              |                2 |              3 |
|  Clk_CPU_BUFG    | U_SCCPU/U_MUX4_GPR_A3/rf_reg[17][31][0] | U_SCCPU/U_RF/AR[2]              |                1 |              3 |
|  Clk_CPU_BUFG    | U_SCCPU/U_MUX4_GPR_A3/rf_reg[26][31][0] | U_SCCPU/U_RF/AR[1]              |                3 |              3 |
|  Clk_CPU_BUFG    | U_SCCPU/U_MUX4_GPR_A3/rf_reg[23][31][0] | U_SCCPU/U_RF/AR[0]              |                2 |              3 |
|  Clk_CPU_BUFG    | U_SCCPU/U_MUX4_GPR_A3/rf_reg[23][31][0] | U_SCCPU/U_RF/AR[2]              |                3 |              3 |
|  Clk_CPU_BUFG    | U_SCCPU/U_MUX4_GPR_A3/rf_reg[26][31][0] | U_SCCPU/U_RF/AR[2]              |                1 |              3 |
|  Clk_CPU_BUFG    | U_SCCPU/U_MUX4_GPR_A3/rf_reg[3][31][0]  | U_SCCPU/U_RF/AR[0]              |                2 |              3 |
|  Clk_CPU_BUFG    | U_SCCPU/U_MUX4_GPR_A3/rf_reg[3][31][0]  | U_SCCPU/U_RF/AR[2]              |                3 |              3 |
|  Clk_CPU_BUFG    | U_SCCPU/U_MUX4_GPR_A3/rf_reg[18][31][0] | U_SCCPU/U_RF/AR[0]              |                2 |              3 |
|  Clk_CPU_BUFG    | U_SCCPU/U_MUX4_GPR_A3/rf_reg[18][31][0] | U_SCCPU/U_RF/AR[2]              |                2 |              3 |
|  Clk_CPU_BUFG    | U_SCCPU/U_MUX4_GPR_A3/rf_reg[28][31][0] | U_SCCPU/U_RF/rf[31][23]_i_2_n_0 |                2 |              3 |
|  Clk_CPU_BUFG    | U_SCCPU/U_MUX4_GPR_A3/rf_reg[28][31][0] | U_SCCPU/U_RF/rf[31][7]_i_2_n_0  |                3 |              3 |
|  Clk_CPU_BUFG    | U_SCCPU/U_MUX4_GPR_A3/rf_reg[28][31][0] | U_SCCPU/U_RF/AR[0]              |                2 |              3 |
|  Clk_CPU_BUFG    | U_SCCPU/U_MUX4_GPR_A3/rf_reg[24][31][0] | U_SCCPU/U_RF/AR[0]              |                2 |              3 |
|  Clk_CPU_BUFG    | U_SCCPU/U_MUX4_GPR_A3/rf_reg[28][31][0] | U_SCCPU/U_RF/AR[1]              |                3 |              3 |
|  Clk_CPU_BUFG    | U_SCCPU/U_MUX4_GPR_A3/rf_reg[28][31][0] | U_SCCPU/U_RF/AR[2]              |                2 |              3 |
|  Clk_CPU_BUFG    | U_SCCPU/U_MUX4_GPR_A3/rf_reg[19][31][0] | U_SCCPU/U_RF/AR[0]              |                3 |              3 |
|  Clk_CPU_BUFG    | U_SCCPU/U_MUX4_GPR_A3/rf_reg[19][31][0] | U_SCCPU/U_RF/AR[2]              |                1 |              3 |
|  Clk_CPU_BUFG    | U_SCCPU/U_MUX4_GPR_A3/rf_reg[8][31][0]  | U_SCCPU/U_RF/AR[0]              |                2 |              3 |
|  Clk_CPU_BUFG    | U_SCCPU/U_MUX4_GPR_A3/rf_reg[8][31][0]  | U_SCCPU/U_RF/AR[2]              |                3 |              3 |
|  Clk_CPU_BUFG    | U_SCCPU/U_MUX4_GPR_A3/rf_reg[4][31][0]  | U_SCCPU/U_RF/AR[0]              |                2 |              3 |
|  Clk_CPU_BUFG    | U_SCCPU/U_MUX4_GPR_A3/rf_reg[4][31][0]  | U_SCCPU/U_RF/AR[2]              |                3 |              3 |
|  Clk_CPU_BUFG    | U_SCCPU/U_MUX4_GPR_A3/rf_reg[15][31][0] | U_SCCPU/U_RF/AR[0]              |                2 |              3 |
|  Clk_CPU_BUFG    | U_SCCPU/U_MUX4_GPR_A3/rf_reg[12][31][0] | U_SCCPU/U_RF/AR[0]              |                2 |              3 |
|  Clk_CPU_BUFG    | U_SCCPU/U_MUX4_GPR_A3/rf_reg[12][31][0] | U_SCCPU/U_RF/AR[2]              |                2 |              3 |
|  Clk_CPU_BUFG    | U_SCCPU/U_MUX4_GPR_A3/rf_reg[15][31][0] | U_SCCPU/U_RF/AR[2]              |                3 |              3 |
|  Clk_CPU_BUFG    | U_SCCPU/U_MUX4_GPR_A3/rf_reg[9][31][0]  | U_SCCPU/U_RF/AR[0]              |                3 |              3 |
|  Clk_CPU_BUFG    | U_SCCPU/U_MUX4_GPR_A3/rf_reg[9][31][0]  | U_SCCPU/U_RF/AR[2]              |                3 |              3 |
|  Clk_CPU_BUFG    | U_SCCPU/U_MUX4_GPR_A3/rf_reg[11][31][0] | U_SCCPU/U_RF/AR[0]              |                3 |              3 |
|  Clk_CPU_BUFG    | U_SCCPU/U_MUX4_GPR_A3/rf_reg[11][31][0] | U_SCCPU/U_RF/AR[2]              |                3 |              3 |
|  Clk_CPU_BUFG    | U_SCCPU/U_MUX4_GPR_A3/rf_reg[16][31][0] | U_SCCPU/U_RF/AR[0]              |                2 |              3 |
|  Clk_CPU_BUFG    | U_SCCPU/U_MUX4_GPR_A3/rf_reg[13][31][0] | U_SCCPU/U_RF/AR[0]              |                2 |              3 |
|  Clk_CPU_BUFG    | U_SCCPU/U_MUX4_GPR_A3/rf_reg[13][31][0] | U_SCCPU/U_RF/AR[2]              |                2 |              3 |
|  Clk_CPU_BUFG    | U_SCCPU/U_MUX4_GPR_A3/rf_reg[16][31][0] | U_SCCPU/U_RF/AR[2]              |                1 |              3 |
|  Clk_CPU_BUFG    | U_SCCPU/U_MUX4_GPR_A3/rf_reg[14][31][0] | U_SCCPU/U_RF/AR[0]              |                3 |              3 |
|  Clk_CPU_BUFG    | U_SCCPU/U_MUX4_GPR_A3/rf_reg[20][31][0] | U_SCCPU/U_RF/AR[0]              |                3 |              3 |
|  Clk_CPU_BUFG    | U_SCCPU/U_MUX4_GPR_A3/rf_reg[14][31][0] | U_SCCPU/U_RF/AR[2]              |                3 |              3 |
|  Clk_CPU_BUFG    | U_SCCPU/U_MUX4_GPR_A3/rf_reg[30][31][0] | U_SCCPU/U_RF/rf[31][19]_i_2_n_0 |                2 |              3 |
|  Clk_CPU_BUFG    | U_SCCPU/U_MUX4_GPR_A3/rf_reg[30][31][0] | U_SCCPU/U_RF/rf[31][7]_i_2_n_0  |                2 |              3 |
|  Clk_CPU_BUFG    | U_SCCPU/U_MUX4_GPR_A3/rf_reg[1][31][0]  | U_SCCPU/U_RF/AR[0]              |                2 |              3 |
|  Clk_CPU_BUFG    | U_SCCPU/U_MUX4_GPR_A3/rf_reg[1][31][0]  | U_SCCPU/U_RF/AR[2]              |                3 |              3 |
|  Clk_CPU_BUFG    | U_SCCPU/U_MUX4_GPR_A3/rf_reg[30][31][0] | U_SCCPU/U_RF/AR[0]              |                3 |              3 |
|  Clk_CPU_BUFG    | U_SCCPU/U_MUX4_GPR_A3/rf_reg[30][31][0] | U_SCCPU/U_RF/AR[1]              |                3 |              3 |
|  Clk_CPU_BUFG    | U_SCCPU/U_MUX4_GPR_A3/rf_reg[30][31][0] | U_SCCPU/U_RF/AR[2]              |                1 |              3 |
|  Clk_CPU_BUFG    | U_SCCPU/U_MUX4_GPR_A3/rf_reg[6][31][0]  | U_SCCPU/U_RF/AR[0]              |                2 |              3 |
|  Clk_CPU_BUFG    | U_SCCPU/U_MUX4_GPR_A3/rf_reg[6][31][0]  | U_SCCPU/U_RF/AR[2]              |                3 |              3 |
|  Clk_CPU_BUFG    | U_SCCPU/U_MUX4_GPR_A3/rf_reg[31][31][0] | U_SCCPU/U_RF/rf[31][19]_i_2_n_0 |                3 |              3 |
|  Clk_CPU_BUFG    | U_SCCPU/U_MUX4_GPR_A3/rf_reg[10][31][0] | U_SCCPU/U_RF/AR[0]              |                2 |              3 |
|  Clk_CPU_BUFG    | U_SCCPU/U_MUX4_GPR_A3/rf_reg[10][31][0] | U_SCCPU/U_RF/AR[2]              |                1 |              3 |
|  Clk_CPU_BUFG    | U_SCCPU/U_MUX4_GPR_A3/rf_reg[31][31][0] | U_SCCPU/U_RF/rf[31][3]_i_2_n_0  |                3 |              3 |
|  Clk_CPU_BUFG    | U_SCCPU/U_MUX4_GPR_A3/rf_reg[31][31][0] | U_SCCPU/U_RF/AR[0]              |                3 |              3 |
|  Clk_CPU_BUFG    | U_SCCPU/U_MUX4_GPR_A3/rf_reg[31][31][0] | U_SCCPU/U_RF/AR[1]              |                3 |              3 |
|  Clk_CPU_BUFG    | U_SCCPU/U_MUX4_GPR_A3/rf_reg[31][31][0] | U_SCCPU/U_RF/AR[2]              |                2 |              3 |
|  Clk_CPU_BUFG    | U_SCCPU/U_MUX4_GPR_A3/rf_reg[5][31][0]  | U_SCCPU/U_RF/AR[0]              |                2 |              3 |
|  Clk_CPU_BUFG    | U_SCCPU/U_MUX4_GPR_A3/rf_reg[5][31][0]  | U_SCCPU/U_RF/AR[2]              |                2 |              3 |
|  Clk_CPU_BUFG    | U_SCCPU/U_MUX4_GPR_A3/rf_reg[27][31][0] | U_SCCPU/U_RF/rf[31][11]_i_2_n_0 |                3 |              3 |
|  Clk_CPU_BUFG    | U_SCCPU/U_MUX4_GPR_A3/rf_reg[20][31][0] | U_SCCPU/U_RF/AR[2]              |                1 |              3 |
|  Clk_CPU_BUFG    | U_SCCPU/U_MUX4_GPR_A3/rf_reg[27][31][0] | U_SCCPU/U_RF/rf[31][27]_i_2_n_0 |                3 |              3 |
|  Clk_CPU_BUFG    | U_SCCPU/U_MUX4_GPR_A3/rf_reg[27][31][0] | U_SCCPU/U_RF/AR[0]              |                3 |              3 |
|  Clk_CPU_BUFG    | U_SCCPU/U_MUX4_GPR_A3/rf_reg[27][31][0] | U_SCCPU/U_RF/AR[1]              |                3 |              3 |
|  Clk_CPU_BUFG    | U_SCCPU/U_MUX4_GPR_A3/rf_reg[27][31][0] | U_SCCPU/U_RF/AR[2]              |                2 |              3 |
|  Clk_CPU_BUFG    | U_SCCPU/U_MUX4_GPR_A3/rf_reg[2][31][0]  | U_SCCPU/U_RF/AR[0]              |                2 |              3 |
|  Clk_CPU_BUFG    | U_SCCPU/U_MUX4_GPR_A3/rf_reg[2][31][0]  | U_SCCPU/U_RF/AR[2]              |                2 |              3 |
|  Clk_CPU_BUFG    | U_SCCPU/U_MUX4_GPR_A3/rf_reg[22][31][0] | U_SCCPU/U_RF/AR[0]              |                3 |              3 |
|  Clk_CPU_BUFG    | U_SCCPU/U_MUX4_GPR_A3/rf_reg[22][31][0] | U_SCCPU/U_RF/AR[2]              |                3 |              3 |
|  Clk_CPU_BUFG    | U_SCCPU/U_MUX4_GPR_A3/rf_reg[25][31][0] | U_SCCPU/U_RF/rf[31][11]_i_2_n_0 |                2 |              3 |
|  Clk_CPU_BUFG    | U_SCCPU/U_MUX4_GPR_A3/rf_reg[25][31][0] | U_SCCPU/U_RF/rf[31][23]_i_2_n_0 |                2 |              3 |
|  Clk_CPU_BUFG    | U_SCCPU/U_MUX4_GPR_A3/rf_reg[25][31][0] | U_SCCPU/U_RF/AR[0]              |                2 |              3 |
|  Clk_CPU_BUFG    | U_SCCPU/U_MUX4_GPR_A3/rf_reg[12][31][0] | U_SCCPU/U_RF/rf[31][19]_i_2_n_0 |                2 |              4 |
|  Clk_CPU_BUFG    | U_SCCPU/U_MUX4_GPR_A3/rf_reg[9][31][0]  | U_SCCPU/U_RF/rf[31][3]_i_2_n_0  |                4 |              4 |
|  Clk_CPU_BUFG    | U_SCCPU/U_MUX4_GPR_A3/rf_reg[30][31][0] | U_SCCPU/U_RF/rf[31][11]_i_2_n_0 |                2 |              4 |
|  Clk_CPU_BUFG    | U_SCCPU/U_MUX4_GPR_A3/rf_reg[11][31][0] | U_SCCPU/U_RF/rf[31][23]_i_2_n_0 |                3 |              4 |
|  Clk_CPU_BUFG    | U_SCCPU/U_MUX4_GPR_A3/rf_reg[17][31][0] | U_SCCPU/U_RF/rf[31][11]_i_2_n_0 |                4 |              4 |
|  Clk_CPU_BUFG    | U_SCCPU/U_MUX4_GPR_A3/rf_reg[17][31][0] | U_SCCPU/U_RF/rf[31][19]_i_2_n_0 |                4 |              4 |
|  Clk_CPU_BUFG    | U_SCCPU/U_MUX4_GPR_A3/rf_reg[17][31][0] | U_SCCPU/U_RF/rf[31][23]_i_2_n_0 |                4 |              4 |
|  Clk_CPU_BUFG    | U_SCCPU/U_MUX4_GPR_A3/rf_reg[17][31][0] | U_SCCPU/U_RF/rf[31][27]_i_2_n_0 |                2 |              4 |
|  Clk_CPU_BUFG    | U_SCCPU/U_MUX4_GPR_A3/rf_reg[17][31][0] | U_SCCPU/U_RF/rf[31][7]_i_2_n_0  |                4 |              4 |
|  Clk_CPU_BUFG    | U_SCCPU/U_MUX4_GPR_A3/rf_reg[17][31][0] | U_SCCPU/U_RF/rf[31][3]_i_2_n_0  |                1 |              4 |
|  Clk_CPU_BUFG    | U_SCCPU/U_MUX4_GPR_A3/rf_reg[18][31][0] | U_SCCPU/U_RF/rf[31][11]_i_2_n_0 |                3 |              4 |
|  Clk_CPU_BUFG    | U_SCCPU/U_MUX4_GPR_A3/rf_reg[18][31][0] | U_SCCPU/U_RF/rf[31][19]_i_2_n_0 |                3 |              4 |
|  Clk_CPU_BUFG    | U_SCCPU/U_MUX4_GPR_A3/rf_reg[18][31][0] | U_SCCPU/U_RF/rf[31][23]_i_2_n_0 |                3 |              4 |
|  Clk_CPU_BUFG    | U_SCCPU/U_MUX4_GPR_A3/rf_reg[18][31][0] | U_SCCPU/U_RF/rf[31][27]_i_2_n_0 |                3 |              4 |
|  Clk_CPU_BUFG    | U_SCCPU/U_MUX4_GPR_A3/rf_reg[18][31][0] | U_SCCPU/U_RF/rf[31][7]_i_2_n_0  |                3 |              4 |
|  Clk_CPU_BUFG    | U_SCCPU/U_MUX4_GPR_A3/rf_reg[18][31][0] | U_SCCPU/U_RF/rf[31][3]_i_2_n_0  |                1 |              4 |
|  Clk_CPU_BUFG    | U_SCCPU/U_MUX4_GPR_A3/rf_reg[19][31][0] | U_SCCPU/U_RF/rf[31][11]_i_2_n_0 |                3 |              4 |
|  Clk_CPU_BUFG    | U_SCCPU/U_MUX4_GPR_A3/rf_reg[19][31][0] | U_SCCPU/U_RF/rf[31][19]_i_2_n_0 |                4 |              4 |
|  Clk_CPU_BUFG    | U_SCCPU/U_MUX4_GPR_A3/rf_reg[19][31][0] | U_SCCPU/U_RF/rf[31][23]_i_2_n_0 |                3 |              4 |
|  Clk_CPU_BUFG    | U_SCCPU/U_MUX4_GPR_A3/rf_reg[19][31][0] | U_SCCPU/U_RF/rf[31][27]_i_2_n_0 |                2 |              4 |
|  Clk_CPU_BUFG    | U_SCCPU/U_MUX4_GPR_A3/rf_reg[19][31][0] | U_SCCPU/U_RF/rf[31][7]_i_2_n_0  |                4 |              4 |
|  Clk_CPU_BUFG    | U_SCCPU/U_MUX4_GPR_A3/rf_reg[19][31][0] | U_SCCPU/U_RF/rf[31][3]_i_2_n_0  |                1 |              4 |
|  Clk_CPU_BUFG    | U_SCCPU/U_MUX4_GPR_A3/rf_reg[12][31][0] | U_SCCPU/U_RF/rf[31][11]_i_2_n_0 |                3 |              4 |
|  Clk_CPU_BUFG    | U_SCCPU/U_MUX4_GPR_A3/rf_reg[20][31][0] | U_SCCPU/U_RF/rf[31][19]_i_2_n_0 |                4 |              4 |
|  Clk_CPU_BUFG    | U_SCCPU/U_MUX4_GPR_A3/rf_reg[12][31][0] | U_SCCPU/U_RF/rf[31][23]_i_2_n_0 |                3 |              4 |
|  Clk_CPU_BUFG    | U_SCCPU/U_MUX4_GPR_A3/rf_reg[12][31][0] | U_SCCPU/U_RF/rf[31][27]_i_2_n_0 |                4 |              4 |
|  Clk_CPU_BUFG    | U_SCCPU/U_MUX4_GPR_A3/rf_reg[12][31][0] | U_SCCPU/U_RF/rf[31][7]_i_2_n_0  |                2 |              4 |
|  Clk_CPU_BUFG    | U_SCCPU/U_MUX4_GPR_A3/rf_reg[13][31][0] | U_SCCPU/U_RF/rf[31][11]_i_2_n_0 |                3 |              4 |
|  Clk_CPU_BUFG    | U_SCCPU/U_MUX4_GPR_A3/rf_reg[13][31][0] | U_SCCPU/U_RF/rf[31][19]_i_2_n_0 |                4 |              4 |
|  Clk_CPU_BUFG    | U_SCCPU/U_MUX4_GPR_A3/rf_reg[13][31][0] | U_SCCPU/U_RF/rf[31][23]_i_2_n_0 |                3 |              4 |
|  Clk_CPU_BUFG    | U_SCCPU/U_MUX4_GPR_A3/rf_reg[13][31][0] | U_SCCPU/U_RF/rf[31][27]_i_2_n_0 |                3 |              4 |
|  Clk_CPU_BUFG    | U_SCCPU/U_MUX4_GPR_A3/rf_reg[13][31][0] | U_SCCPU/U_RF/rf[31][7]_i_2_n_0  |                3 |              4 |
|  Clk_CPU_BUFG    | U_SCCPU/U_MUX4_GPR_A3/rf_reg[13][31][0] | U_SCCPU/U_RF/rf[31][3]_i_2_n_0  |                4 |              4 |
|  Clk_CPU_BUFG    | U_SCCPU/U_MUX4_GPR_A3/rf_reg[1][31][0]  | U_SCCPU/U_RF/rf[31][11]_i_2_n_0 |                3 |              4 |
|  Clk_CPU_BUFG    | U_SCCPU/U_MUX4_GPR_A3/rf_reg[1][31][0]  | U_SCCPU/U_RF/rf[31][19]_i_2_n_0 |                3 |              4 |
|  Clk_CPU_BUFG    | U_SCCPU/U_MUX4_GPR_A3/rf_reg[1][31][0]  | U_SCCPU/U_RF/rf[31][23]_i_2_n_0 |                3 |              4 |
|  Clk_CPU_BUFG    | U_SCCPU/U_MUX4_GPR_A3/rf_reg[1][31][0]  | U_SCCPU/U_RF/rf[31][27]_i_2_n_0 |                2 |              4 |
|  Clk_CPU_BUFG    | U_SCCPU/U_MUX4_GPR_A3/rf_reg[1][31][0]  | U_SCCPU/U_RF/rf[31][7]_i_2_n_0  |                4 |              4 |
|  Clk_CPU_BUFG    | U_SCCPU/U_MUX4_GPR_A3/rf_reg[1][31][0]  | U_SCCPU/U_RF/rf[31][3]_i_2_n_0  |                3 |              4 |
|  Clk_CPU_BUFG    | U_SCCPU/U_MUX4_GPR_A3/rf_reg[10][31][0] | U_SCCPU/U_RF/rf[31][11]_i_2_n_0 |                2 |              4 |
|  Clk_CPU_BUFG    | U_SCCPU/U_MUX4_GPR_A3/rf_reg[10][31][0] | U_SCCPU/U_RF/rf[31][19]_i_2_n_0 |                2 |              4 |
|  Clk_CPU_BUFG    | U_SCCPU/U_MUX4_GPR_A3/rf_reg[10][31][0] | U_SCCPU/U_RF/rf[31][23]_i_2_n_0 |                3 |              4 |
|  Clk_CPU_BUFG    | U_SCCPU/U_MUX4_GPR_A3/rf_reg[10][31][0] | U_SCCPU/U_RF/rf[31][27]_i_2_n_0 |                2 |              4 |
|  Clk_CPU_BUFG    | U_SCCPU/U_MUX4_GPR_A3/rf_reg[10][31][0] | U_SCCPU/U_RF/rf[31][7]_i_2_n_0  |                4 |              4 |
|  Clk_CPU_BUFG    | U_SCCPU/U_MUX4_GPR_A3/rf_reg[10][31][0] | U_SCCPU/U_RF/rf[31][3]_i_2_n_0  |                4 |              4 |
|  Clk_CPU_BUFG    | U_SCCPU/U_MUX4_GPR_A3/rf_reg[20][31][0] | U_SCCPU/U_RF/rf[31][11]_i_2_n_0 |                3 |              4 |
|  Clk_CPU_BUFG    | U_SCCPU/U_MUX4_GPR_A3/rf_reg[14][31][0] | U_SCCPU/U_RF/rf[31][7]_i_2_n_0  |                3 |              4 |
|  Clk_CPU_BUFG    | U_SCCPU/U_MUX4_GPR_A3/rf_reg[20][31][0] | U_SCCPU/U_RF/rf[31][23]_i_2_n_0 |                3 |              4 |
|  Clk_CPU_BUFG    | U_SCCPU/U_MUX4_GPR_A3/rf_reg[20][31][0] | U_SCCPU/U_RF/rf[31][27]_i_2_n_0 |                2 |              4 |
|  Clk_CPU_BUFG    | U_SCCPU/U_MUX4_GPR_A3/rf_reg[20][31][0] | U_SCCPU/U_RF/rf[31][7]_i_2_n_0  |                4 |              4 |
|  Clk_CPU_BUFG    | U_SCCPU/U_MUX4_GPR_A3/rf_reg[20][31][0] | U_SCCPU/U_RF/rf[31][3]_i_2_n_0  |                1 |              4 |
|  Clk_CPU_BUFG    | U_SCCPU/U_MUX4_GPR_A3/rf_reg[12][31][0] | U_SCCPU/U_RF/rf[31][3]_i_2_n_0  |                2 |              4 |
|  Clk_CPU_BUFG    | U_SCCPU/U_MUX4_GPR_A3/rf_reg[22][31][0] | U_SCCPU/U_RF/rf[31][11]_i_2_n_0 |                3 |              4 |
|  Clk_CPU_BUFG    | U_SCCPU/U_MUX4_GPR_A3/rf_reg[22][31][0] | U_SCCPU/U_RF/rf[31][19]_i_2_n_0 |                3 |              4 |
|  Clk_CPU_BUFG    | U_SCCPU/U_MUX4_GPR_A3/rf_reg[22][31][0] | U_SCCPU/U_RF/rf[31][23]_i_2_n_0 |                4 |              4 |
|  Clk_CPU_BUFG    | U_SCCPU/U_MUX4_GPR_A3/rf_reg[22][31][0] | U_SCCPU/U_RF/rf[31][27]_i_2_n_0 |                3 |              4 |
|  Clk_CPU_BUFG    | U_SCCPU/U_MUX4_GPR_A3/rf_reg[22][31][0] | U_SCCPU/U_RF/rf[31][7]_i_2_n_0  |                4 |              4 |
|  Clk_CPU_BUFG    | U_SCCPU/U_MUX4_GPR_A3/rf_reg[22][31][0] | U_SCCPU/U_RF/rf[31][3]_i_2_n_0  |                2 |              4 |
|  Clk_CPU_BUFG    | U_SCCPU/U_MUX4_GPR_A3/rf_reg[21][31][0] | U_SCCPU/U_RF/rf[31][11]_i_2_n_0 |                4 |              4 |
|  Clk_CPU_BUFG    | U_SCCPU/U_MUX4_GPR_A3/rf_reg[21][31][0] | U_SCCPU/U_RF/rf[31][19]_i_2_n_0 |                3 |              4 |
|  Clk_CPU_BUFG    | U_SCCPU/U_MUX4_GPR_A3/rf_reg[21][31][0] | U_SCCPU/U_RF/rf[31][23]_i_2_n_0 |                3 |              4 |
|  Clk_CPU_BUFG    | U_SCCPU/U_MUX4_GPR_A3/rf_reg[21][31][0] | U_SCCPU/U_RF/rf[31][27]_i_2_n_0 |                2 |              4 |
|  Clk_CPU_BUFG    | U_SCCPU/U_MUX4_GPR_A3/rf_reg[21][31][0] | U_SCCPU/U_RF/rf[31][7]_i_2_n_0  |                4 |              4 |
|  Clk_CPU_BUFG    | U_SCCPU/U_MUX4_GPR_A3/rf_reg[21][31][0] | U_SCCPU/U_RF/rf[31][3]_i_2_n_0  |                2 |              4 |
|  Clk_CPU_BUFG    | U_SCCPU/U_MUX4_GPR_A3/rf_reg[23][31][0] | U_SCCPU/U_RF/rf[31][11]_i_2_n_0 |                3 |              4 |
|  Clk_CPU_BUFG    | U_SCCPU/U_MUX4_GPR_A3/rf_reg[23][31][0] | U_SCCPU/U_RF/rf[31][19]_i_2_n_0 |                3 |              4 |
|  Clk_CPU_BUFG    | U_SCCPU/U_MUX4_GPR_A3/rf_reg[23][31][0] | U_SCCPU/U_RF/rf[31][23]_i_2_n_0 |                4 |              4 |
|  Clk_CPU_BUFG    | U_SCCPU/U_MUX4_GPR_A3/rf_reg[23][31][0] | U_SCCPU/U_RF/rf[31][27]_i_2_n_0 |                3 |              4 |
|  Clk_CPU_BUFG    | U_SCCPU/U_MUX4_GPR_A3/rf_reg[23][31][0] | U_SCCPU/U_RF/rf[31][7]_i_2_n_0  |                3 |              4 |
|  Clk_CPU_BUFG    | U_SCCPU/U_MUX4_GPR_A3/rf_reg[23][31][0] | U_SCCPU/U_RF/rf[31][3]_i_2_n_0  |                1 |              4 |
|  Clk_CPU_BUFG    | U_SCCPU/U_MUX4_GPR_A3/rf_reg[24][31][0] | U_SCCPU/U_RF/rf[31][11]_i_2_n_0 |                3 |              4 |
|  Clk_CPU_BUFG    | U_SCCPU/U_MUX4_GPR_A3/rf_reg[24][31][0] | U_SCCPU/U_RF/rf[31][19]_i_2_n_0 |                4 |              4 |
|  Clk_CPU_BUFG    | U_SCCPU/U_MUX4_GPR_A3/rf_reg[24][31][0] | U_SCCPU/U_RF/rf[31][23]_i_2_n_0 |                3 |              4 |
|  Clk_CPU_BUFG    | U_SCCPU/U_MUX4_GPR_A3/rf_reg[24][31][0] | U_SCCPU/U_RF/rf[31][27]_i_2_n_0 |                3 |              4 |
|  Clk_CPU_BUFG    | U_SCCPU/U_MUX4_GPR_A3/rf_reg[24][31][0] | U_SCCPU/U_RF/rf[31][7]_i_2_n_0  |                3 |              4 |
|  Clk_CPU_BUFG    | U_SCCPU/U_MUX4_GPR_A3/rf_reg[24][31][0] | U_SCCPU/U_RF/rf[31][3]_i_2_n_0  |                2 |              4 |
|  Clk_CPU_BUFG    | U_SCCPU/U_MUX4_GPR_A3/rf_reg[15][31][0] | U_SCCPU/U_RF/rf[31][11]_i_2_n_0 |                3 |              4 |
|  Clk_CPU_BUFG    | U_SCCPU/U_MUX4_GPR_A3/rf_reg[15][31][0] | U_SCCPU/U_RF/rf[31][19]_i_2_n_0 |                2 |              4 |
|  Clk_CPU_BUFG    | U_SCCPU/U_MUX4_GPR_A3/rf_reg[15][31][0] | U_SCCPU/U_RF/rf[31][23]_i_2_n_0 |                3 |              4 |
|  Clk_CPU_BUFG    | U_SCCPU/U_MUX4_GPR_A3/rf_reg[15][31][0] | U_SCCPU/U_RF/rf[31][27]_i_2_n_0 |                2 |              4 |
|  Clk_CPU_BUFG    | U_SCCPU/U_MUX4_GPR_A3/rf_reg[15][31][0] | U_SCCPU/U_RF/rf[31][7]_i_2_n_0  |                4 |              4 |
|  Clk_CPU_BUFG    | U_SCCPU/U_MUX4_GPR_A3/rf_reg[15][31][0] | U_SCCPU/U_RF/rf[31][3]_i_2_n_0  |                2 |              4 |
|  Clk_CPU_BUFG    | U_SCCPU/U_MUX4_GPR_A3/rf_reg[11][31][0] | U_SCCPU/U_RF/rf[31][11]_i_2_n_0 |                2 |              4 |
|  Clk_CPU_BUFG    | U_SCCPU/U_MUX4_GPR_A3/rf_reg[11][31][0] | U_SCCPU/U_RF/rf[31][19]_i_2_n_0 |                2 |              4 |
|  Clk_CPU_BUFG    | U_SCCPU/U_MUX4_GPR_A3/rf_reg[30][31][0] | U_SCCPU/U_RF/rf[31][3]_i_2_n_0  |                2 |              4 |
|  Clk_CPU_BUFG    | U_SCCPU/U_MUX4_GPR_A3/rf_reg[2][31][0]  | U_SCCPU/U_RF/rf[31][11]_i_2_n_0 |                2 |              4 |
|  Clk_CPU_BUFG    | U_SCCPU/U_MUX4_GPR_A3/rf_reg[2][31][0]  | U_SCCPU/U_RF/rf[31][19]_i_2_n_0 |                3 |              4 |
|  Clk_CPU_BUFG    | U_SCCPU/U_MUX4_GPR_A3/rf_reg[2][31][0]  | U_SCCPU/U_RF/rf[31][23]_i_2_n_0 |                3 |              4 |
|  Clk_CPU_BUFG    | U_SCCPU/U_MUX4_GPR_A3/rf_reg[2][31][0]  | U_SCCPU/U_RF/rf[31][27]_i_2_n_0 |                3 |              4 |
|  Clk_CPU_BUFG    | U_SCCPU/U_MUX4_GPR_A3/rf_reg[2][31][0]  | U_SCCPU/U_RF/rf[31][7]_i_2_n_0  |                4 |              4 |
|  Clk_CPU_BUFG    | U_SCCPU/U_MUX4_GPR_A3/rf_reg[2][31][0]  | U_SCCPU/U_RF/rf[31][3]_i_2_n_0  |                3 |              4 |
|  Clk_CPU_BUFG    | U_SCCPU/U_MUX4_GPR_A3/rf_reg[14][31][0] | U_SCCPU/U_RF/rf[31][27]_i_2_n_0 |                2 |              4 |
|  Clk_CPU_BUFG    | U_SCCPU/U_MUX4_GPR_A3/rf_reg[14][31][0] | U_SCCPU/U_RF/rf[31][11]_i_2_n_0 |                4 |              4 |
|  Clk_CPU_BUFG    | U_SCCPU/U_MUX4_GPR_A3/rf_reg[31][31][0] | U_SCCPU/U_RF/rf[31][11]_i_2_n_0 |                2 |              4 |
|  Clk_CPU_BUFG    | U_SCCPU/U_MUX4_GPR_A3/rf_reg[16][31][0] | U_SCCPU/U_RF/rf[31][3]_i_2_n_0  |                1 |              4 |
|  Clk_CPU_BUFG    | U_SCCPU/U_MUX4_GPR_A3/rf_reg[14][31][0] | U_SCCPU/U_RF/rf[31][3]_i_2_n_0  |                2 |              4 |
|  Clk_CPU_BUFG    | U_SCCPU/U_MUX4_GPR_A3/rf_reg[25][31][0] | U_SCCPU/U_RF/rf[31][19]_i_2_n_0 |                4 |              4 |
|  Clk_CPU_BUFG    | U_SCCPU/U_MUX4_GPR_A3/rf_reg[31][31][0] | U_SCCPU/U_RF/rf[31][23]_i_2_n_0 |                3 |              4 |
|  Clk_CPU_BUFG    | U_SCCPU/U_MUX4_GPR_A3/rf_reg[25][31][0] | U_SCCPU/U_RF/rf[31][27]_i_2_n_0 |                4 |              4 |
|  Clk_CPU_BUFG    | U_SCCPU/U_MUX4_GPR_A3/rf_reg[25][31][0] | U_SCCPU/U_RF/rf[31][7]_i_2_n_0  |                4 |              4 |
|  Clk_CPU_BUFG    | U_SCCPU/U_MUX4_GPR_A3/rf_reg[25][31][0] | U_SCCPU/U_RF/rf[31][3]_i_2_n_0  |                3 |              4 |
|  Clk_CPU_BUFG    | U_SCCPU/U_MUX4_GPR_A3/rf_reg[31][31][0] | U_SCCPU/U_RF/rf[31][27]_i_2_n_0 |                3 |              4 |
|  Clk_CPU_BUFG    | U_SCCPU/U_MUX4_GPR_A3/rf_reg[31][31][0] | U_SCCPU/U_RF/rf[31][7]_i_2_n_0  |                3 |              4 |
|  Clk_CPU_BUFG    | U_SCCPU/U_MUX4_GPR_A3/rf_reg[30][31][0] | U_SCCPU/U_RF/rf[31][23]_i_2_n_0 |                4 |              4 |
|  Clk_CPU_BUFG    | U_SCCPU/U_MUX4_GPR_A3/rf_reg[16][31][0] | U_SCCPU/U_RF/rf[31][7]_i_2_n_0  |                4 |              4 |
|  Clk_CPU_BUFG    | U_SCCPU/U_MUX4_GPR_A3/rf_reg[29][31][0] | U_SCCPU/U_RF/rf[31][11]_i_2_n_0 |                3 |              4 |
|  Clk_CPU_BUFG    | U_SCCPU/U_MUX4_GPR_A3/rf_reg[29][31][0] | U_SCCPU/U_RF/rf[31][19]_i_2_n_0 |                4 |              4 |
|  Clk_CPU_BUFG    | U_SCCPU/U_MUX4_GPR_A3/rf_reg[29][31][0] | U_SCCPU/U_RF/rf[31][23]_i_2_n_0 |                3 |              4 |
|  Clk_CPU_BUFG    | U_SCCPU/U_MUX4_GPR_A3/rf_reg[29][31][0] | U_SCCPU/U_RF/rf[31][27]_i_2_n_0 |                3 |              4 |
|  Clk_CPU_BUFG    | U_SCCPU/U_MUX4_GPR_A3/rf_reg[29][31][0] | U_SCCPU/U_RF/rf[31][7]_i_2_n_0  |                3 |              4 |
|  Clk_CPU_BUFG    | U_SCCPU/U_MUX4_GPR_A3/rf_reg[30][31][0] | U_SCCPU/U_RF/rf[31][27]_i_2_n_0 |                3 |              4 |
|  Clk_CPU_BUFG    | U_SCCPU/U_MUX4_GPR_A3/rf_reg[6][31][0]  | U_SCCPU/U_RF/rf[31][11]_i_2_n_0 |                2 |              4 |
|  Clk_CPU_BUFG    | U_SCCPU/U_MUX4_GPR_A3/rf_reg[16][31][0] | U_SCCPU/U_RF/rf[31][27]_i_2_n_0 |                2 |              4 |
|  Clk_CPU_BUFG    | U_SCCPU/U_MUX4_GPR_A3/rf_reg[6][31][0]  | U_SCCPU/U_RF/rf[31][19]_i_2_n_0 |                3 |              4 |
|  Clk_CPU_BUFG    | U_SCCPU/U_MUX4_GPR_A3/rf_reg[7][31][0]  | U_SCCPU/U_RF/rf[31][11]_i_2_n_0 |                3 |              4 |
|  Clk_CPU_BUFG    | U_SCCPU/U_MUX4_GPR_A3/rf_reg[7][31][0]  | U_SCCPU/U_RF/rf[31][19]_i_2_n_0 |                4 |              4 |
|  Clk_CPU_BUFG    | U_SCCPU/U_MUX4_GPR_A3/rf_reg[7][31][0]  | U_SCCPU/U_RF/rf[31][23]_i_2_n_0 |                4 |              4 |
|  Clk_CPU_BUFG    | U_SCCPU/U_MUX4_GPR_A3/rf_reg[7][31][0]  | U_SCCPU/U_RF/rf[31][27]_i_2_n_0 |                4 |              4 |
|  Clk_CPU_BUFG    | U_SCCPU/U_MUX4_GPR_A3/rf_reg[7][31][0]  | U_SCCPU/U_RF/rf[31][7]_i_2_n_0  |                3 |              4 |
|  Clk_CPU_BUFG    | U_SCCPU/U_MUX4_GPR_A3/rf_reg[7][31][0]  | U_SCCPU/U_RF/rf[31][3]_i_2_n_0  |                3 |              4 |
|  Clk_CPU_BUFG    | U_SCCPU/U_MUX4_GPR_A3/rf_reg[5][31][0]  | U_SCCPU/U_RF/rf[31][11]_i_2_n_0 |                3 |              4 |
|  Clk_CPU_BUFG    | U_SCCPU/U_MUX4_GPR_A3/rf_reg[16][31][0] | U_SCCPU/U_RF/rf[31][23]_i_2_n_0 |                4 |              4 |
|  Clk_CPU_BUFG    | U_SCCPU/U_MUX4_GPR_A3/rf_reg[5][31][0]  | U_SCCPU/U_RF/rf[31][19]_i_2_n_0 |                3 |              4 |
|  Clk_CPU_BUFG    | U_SCCPU/U_MUX4_GPR_A3/rf_reg[16][31][0] | U_SCCPU/U_RF/rf[31][19]_i_2_n_0 |                3 |              4 |
|  Clk_CPU_BUFG    | U_SCCPU/U_MUX4_GPR_A3/rf_reg[26][31][0] | U_SCCPU/U_RF/rf[31][11]_i_2_n_0 |                3 |              4 |
|  Clk_CPU_BUFG    | U_SCCPU/U_MUX4_GPR_A3/rf_reg[26][31][0] | U_SCCPU/U_RF/rf[31][19]_i_2_n_0 |                4 |              4 |
|  Clk_CPU_BUFG    | U_SCCPU/U_MUX4_GPR_A3/rf_reg[26][31][0] | U_SCCPU/U_RF/rf[31][23]_i_2_n_0 |                3 |              4 |
|  Clk_CPU_BUFG    | U_SCCPU/U_MUX4_GPR_A3/rf_reg[5][31][0]  | U_SCCPU/U_RF/rf[31][23]_i_2_n_0 |                3 |              4 |
|  Clk_CPU_BUFG    | U_SCCPU/U_MUX4_GPR_A3/rf_reg[26][31][0] | U_SCCPU/U_RF/rf[31][7]_i_2_n_0  |                4 |              4 |
|  Clk_CPU_BUFG    | U_SCCPU/U_MUX4_GPR_A3/rf_reg[26][31][0] | U_SCCPU/U_RF/rf[31][3]_i_2_n_0  |                3 |              4 |
|  Clk_CPU_BUFG    | U_SCCPU/U_MUX4_GPR_A3/rf_reg[16][31][0] | U_SCCPU/U_RF/rf[31][11]_i_2_n_0 |                3 |              4 |
|  Clk_CPU_BUFG    | U_SCCPU/U_MUX4_GPR_A3/rf_reg[5][31][0]  | U_SCCPU/U_RF/rf[31][27]_i_2_n_0 |                3 |              4 |
|  Clk_CPU_BUFG    | U_SCCPU/U_MUX4_GPR_A3/rf_reg[5][31][0]  | U_SCCPU/U_RF/rf[31][7]_i_2_n_0  |                3 |              4 |
|  Clk_CPU_BUFG    | U_SCCPU/U_MUX4_GPR_A3/rf_reg[3][31][0]  | U_SCCPU/U_RF/rf[31][11]_i_2_n_0 |                3 |              4 |
|  Clk_CPU_BUFG    | U_SCCPU/U_MUX4_GPR_A3/rf_reg[3][31][0]  | U_SCCPU/U_RF/rf[31][19]_i_2_n_0 |                2 |              4 |
|  Clk_CPU_BUFG    | U_SCCPU/U_MUX4_GPR_A3/rf_reg[3][31][0]  | U_SCCPU/U_RF/rf[31][23]_i_2_n_0 |                3 |              4 |
|  Clk_CPU_BUFG    | U_SCCPU/U_MUX4_GPR_A3/rf_reg[3][31][0]  | U_SCCPU/U_RF/rf[31][27]_i_2_n_0 |                4 |              4 |
|  Clk_CPU_BUFG    | U_SCCPU/U_MUX4_GPR_A3/rf_reg[3][31][0]  | U_SCCPU/U_RF/rf[31][7]_i_2_n_0  |                4 |              4 |
|  Clk_CPU_BUFG    | U_SCCPU/U_MUX4_GPR_A3/rf_reg[3][31][0]  | U_SCCPU/U_RF/rf[31][3]_i_2_n_0  |                3 |              4 |
|  Clk_CPU_BUFG    | U_SCCPU/U_MUX4_GPR_A3/rf_reg[5][31][0]  | U_SCCPU/U_RF/rf[31][3]_i_2_n_0  |                3 |              4 |
|  Clk_CPU_BUFG    | U_SCCPU/U_MUX4_GPR_A3/rf_reg[6][31][0]  | U_SCCPU/U_RF/rf[31][23]_i_2_n_0 |                4 |              4 |
|  Clk_CPU_BUFG    | U_SCCPU/U_MUX4_GPR_A3/rf_reg[11][31][0] | U_SCCPU/U_RF/rf[31][3]_i_2_n_0  |                3 |              4 |
|  Clk_CPU_BUFG    | U_SCCPU/U_MUX4_GPR_A3/rf_reg[28][31][0] | U_SCCPU/U_RF/rf[31][11]_i_2_n_0 |                3 |              4 |
|  Clk_CPU_BUFG    | U_SCCPU/U_MUX4_GPR_A3/rf_reg[28][31][0] | U_SCCPU/U_RF/rf[31][19]_i_2_n_0 |                4 |              4 |
|  Clk_CPU_BUFG    | U_SCCPU/U_MUX4_GPR_A3/rf_reg[14][31][0] | U_SCCPU/U_RF/rf[31][23]_i_2_n_0 |                3 |              4 |
|  Clk_CPU_BUFG    | U_SCCPU/U_MUX4_GPR_A3/rf_reg[28][31][0] | U_SCCPU/U_RF/rf[31][27]_i_2_n_0 |                4 |              4 |
|  Clk_CPU_BUFG    | U_SCCPU/U_MUX4_GPR_A3/rf_reg[6][31][0]  | U_SCCPU/U_RF/rf[31][27]_i_2_n_0 |                4 |              4 |
|  Clk_CPU_BUFG    | U_SCCPU/U_MUX4_GPR_A3/rf_reg[28][31][0] | U_SCCPU/U_RF/rf[31][3]_i_2_n_0  |                4 |              4 |
|  Clk_CPU_BUFG    | U_SCCPU/U_MUX4_GPR_A3/rf_reg[14][31][0] | U_SCCPU/U_RF/rf[31][19]_i_2_n_0 |                2 |              4 |
|  Clk_CPU_BUFG    | U_SCCPU/U_MUX4_GPR_A3/rf_reg[6][31][0]  | U_SCCPU/U_RF/rf[31][7]_i_2_n_0  |                4 |              4 |
|  Clk_CPU_BUFG    | U_SCCPU/U_MUX4_GPR_A3/rf_reg[27][31][0] | U_SCCPU/U_RF/rf[31][19]_i_2_n_0 |                4 |              4 |
|  Clk_CPU_BUFG    | U_SCCPU/U_MUX4_GPR_A3/rf_reg[8][31][0]  | U_SCCPU/U_RF/rf[31][11]_i_2_n_0 |                4 |              4 |
|  Clk_CPU_BUFG    | U_SCCPU/U_MUX4_GPR_A3/rf_reg[8][31][0]  | U_SCCPU/U_RF/rf[31][19]_i_2_n_0 |                4 |              4 |
|  Clk_CPU_BUFG    | U_SCCPU/U_MUX4_GPR_A3/rf_reg[8][31][0]  | U_SCCPU/U_RF/rf[31][23]_i_2_n_0 |                4 |              4 |
|  Clk_CPU_BUFG    | U_SCCPU/U_MUX4_GPR_A3/rf_reg[8][31][0]  | U_SCCPU/U_RF/rf[31][27]_i_2_n_0 |                3 |              4 |
|  Clk_CPU_BUFG    | U_SCCPU/U_MUX4_GPR_A3/rf_reg[8][31][0]  | U_SCCPU/U_RF/rf[31][7]_i_2_n_0  |                4 |              4 |
|  Clk_CPU_BUFG    | U_SCCPU/U_MUX4_GPR_A3/rf_reg[8][31][0]  | U_SCCPU/U_RF/rf[31][3]_i_2_n_0  |                4 |              4 |
|  Clk_CPU_BUFG    | U_SCCPU/U_MUX4_GPR_A3/rf_reg[27][31][0] | U_SCCPU/U_RF/rf[31][23]_i_2_n_0 |                3 |              4 |
|  Clk_CPU_BUFG    | U_SCCPU/U_MUX4_GPR_A3/rf_reg[11][31][0] | U_SCCPU/U_RF/rf[31][7]_i_2_n_0  |                4 |              4 |
|  Clk_CPU_BUFG    | U_SCCPU/U_MUX4_GPR_A3/rf_reg[6][31][0]  | U_SCCPU/U_RF/rf[31][3]_i_2_n_0  |                2 |              4 |
|  Clk_CPU_BUFG    | U_SCCPU/U_MUX4_GPR_A3/rf_reg[4][31][0]  | U_SCCPU/U_RF/rf[31][11]_i_2_n_0 |                2 |              4 |
|  Clk_CPU_BUFG    | U_SCCPU/U_MUX4_GPR_A3/rf_reg[4][31][0]  | U_SCCPU/U_RF/rf[31][19]_i_2_n_0 |                3 |              4 |
|  Clk_CPU_BUFG    | U_SCCPU/U_MUX4_GPR_A3/rf_reg[4][31][0]  | U_SCCPU/U_RF/rf[31][23]_i_2_n_0 |                3 |              4 |
|  Clk_CPU_BUFG    | U_SCCPU/U_MUX4_GPR_A3/rf_reg[4][31][0]  | U_SCCPU/U_RF/rf[31][27]_i_2_n_0 |                3 |              4 |
|  Clk_CPU_BUFG    | U_SCCPU/U_MUX4_GPR_A3/rf_reg[4][31][0]  | U_SCCPU/U_RF/rf[31][7]_i_2_n_0  |                4 |              4 |
|  Clk_CPU_BUFG    | U_SCCPU/U_MUX4_GPR_A3/rf_reg[4][31][0]  | U_SCCPU/U_RF/rf[31][3]_i_2_n_0  |                2 |              4 |
|  Clk_CPU_BUFG    | U_SCCPU/U_MUX4_GPR_A3/rf_reg[27][31][0] | U_SCCPU/U_RF/rf[31][7]_i_2_n_0  |                4 |              4 |
|  Clk_CPU_BUFG    | U_SCCPU/U_MUX4_GPR_A3/rf_reg[11][31][0] | U_SCCPU/U_RF/rf[31][27]_i_2_n_0 |                3 |              4 |
|  Clk_CPU_BUFG    | U_SCCPU/U_MUX4_GPR_A3/rf_reg[27][31][0] | U_SCCPU/U_RF/rf[31][3]_i_2_n_0  |                3 |              4 |
|  Clk_CPU_BUFG    | U_SCCPU/U_MUX4_GPR_A3/rf_reg[9][31][0]  | U_SCCPU/U_RF/rf[31][11]_i_2_n_0 |                2 |              4 |
|  Clk_CPU_BUFG    | U_SCCPU/U_MUX4_GPR_A3/rf_reg[9][31][0]  | U_SCCPU/U_RF/rf[31][19]_i_2_n_0 |                3 |              4 |
|  Clk_CPU_BUFG    | U_SCCPU/U_MUX4_GPR_A3/rf_reg[9][31][0]  | U_SCCPU/U_RF/rf[31][23]_i_2_n_0 |                4 |              4 |
|  Clk_CPU_BUFG    | U_SCCPU/U_MUX4_GPR_A3/rf_reg[9][31][0]  | U_SCCPU/U_RF/rf[31][27]_i_2_n_0 |                4 |              4 |
|  Clk_CPU_BUFG    | U_SCCPU/U_MUX4_GPR_A3/rf_reg[9][31][0]  | U_SCCPU/U_RF/rf[31][7]_i_2_n_0  |                4 |              4 |
|  Clk_CPU_BUFG    |                                         | U_SCCPU/U_RF/AR[1]              |                3 |              8 |
|  clk_IBUF_BUFG   | U_SCCPU/U_RF/E[0]                       | U_SCCPU/U_RF/AR[1]              |                8 |              8 |
|  Clk_CPU_BUFG    |                                         | U_SCCPU/U_RF/AR[0]              |                3 |              9 |
|  clk_IBUF_BUFG   | U_SCCPU/U_RF/E[0]                       | U_SCCPU/U_RF/AR[0]              |                7 |              9 |
|  clk_IBUF_BUFG   |                                         | U_SCCPU/U_RF/AR[0]              |                3 |             12 |
|  Clk_CPU_BUFG    |                                         | U_SCCPU/U_RF/AR[2]              |                7 |             15 |
|  clk_IBUF_BUFG   | U_SCCPU/U_RF/E[0]                       | U_SCCPU/U_RF/AR[2]              |               13 |             15 |
|  Clk_CPU_BUFG    | U_SCCPU/U_MUX4_GPR_A3/E[0]              |                                 |               15 |             32 |
|  clk_IBUF_BUFG   |                                         | U_CLKDIV/AR[0]                  |                8 |             33 |
|  clk_IBUF_BUFG   |                                         | U_SCCPU/U_RF/AR[1]              |               23 |             35 |
|  Clk_CPU_BUFG    | U_SCCPU/U_RF/ram_we                     |                                 |               16 |             64 |
+------------------+-----------------------------------------+---------------------------------+------------------+----------------+


+--------+-----------------------+
| Fanout | Number of ControlSets |
+--------+-----------------------+
| 1      |                     8 |
| 2      |                    27 |
| 3      |                    79 |
| 4      |                   174 |
| 8      |                     2 |
| 9      |                     2 |
| 12     |                     1 |
| 15     |                     2 |
| 16+    |                     4 |
+--------+-----------------------+


